0 verbose cli /usr/local/bin/node /usr/local/bin/npm
1 info using npm@11.6.2
2 info using node@v24.13.0
3 silly config load:file:/usr/local/lib/node_modules/npm/npmrc
4 silly config load:file:/Volumes/raid4/Antigravity IDE/Resume Website/.npmrc
5 silly config load:file:/Users/nautis/.npmrc
6 silly config load:file:/usr/local/etc/npmrc
7 verbose title npm install @vitejs/plugin-react@4
8 verbose argv "install" "--save-dev" "@vitejs/plugin-react@4" "--cache" ".npm-cache" "--legacy-peer-deps"
9 verbose logfile logs-max:10 dir:/Volumes/raid4/Antigravity IDE/Resume Website/.npm-cache/_logs/2026-04-09T17_57_51_884Z-
10 verbose logfile /Volumes/raid4/Antigravity IDE/Resume Website/.npm-cache/_logs/2026-04-09T17_57_51_884Z-debug-0.log
11 silly logfile done cleaning log files
12 silly packumentCache heap:4496293888 maxSize:1124073472 maxEntrySize:562036736
13 silly idealTree buildDeps
14 silly fetch manifest @vitejs/plugin-react@4
15 silly packumentCache full:https://registry.npmjs.org/@vitejs%2fplugin-react cache-miss
16 verbose shrinkwrap failed to load node_modules/.package-lock.json out of date, updated: node_modules
17 http cache https://registry.npmjs.org/@vitejs%2fplugin-react 60ms (cache hit)
18 silly packumentCache full:https://registry.npmjs.org/@vitejs%2fplugin-react set size:264287 disposed:false
19 silly placeDep ROOT @vitejs/plugin-react@4.7.0 REPLACE for: agency-website@1.0.0 want: 4
20 silly fetch manifest @babel/core@^7.28.0
21 silly packumentCache full:https://registry.npmjs.org/@babel%2fcore cache-miss
22 silly fetch manifest react-refresh@^0.17.0
23 silly packumentCache full:https://registry.npmjs.org/react-refresh cache-miss
24 silly fetch manifest @types/babel__core@^7.20.5
25 silly packumentCache full:https://registry.npmjs.org/@types%2fbabel__core cache-miss
26 silly fetch manifest @rolldown/pluginutils@1.0.0-beta.27
27 silly packumentCache full:https://registry.npmjs.org/@rolldown%2fpluginutils cache-miss
28 silly fetch manifest @babel/plugin-transform-react-jsx-self@^7.27.1
29 silly packumentCache full:https://registry.npmjs.org/@babel%2fplugin-transform-react-jsx-self cache-miss
30 silly fetch manifest @babel/plugin-transform-react-jsx-source@^7.27.1
31 silly packumentCache full:https://registry.npmjs.org/@babel%2fplugin-transform-react-jsx-source cache-miss
32 http cache https://registry.npmjs.org/@rolldown%2fpluginutils 28ms (cache hit)
33 silly packumentCache full:https://registry.npmjs.org/@rolldown%2fpluginutils set size:284463 disposed:false
34 http cache https://registry.npmjs.org/@babel%2fcore 47ms (cache hit)
35 silly packumentCache full:https://registry.npmjs.org/@babel%2fcore set size:760113 disposed:false
36 http fetch GET 200 https://registry.npmjs.org/@babel%2fplugin-transform-react-jsx-self 349ms (cache miss)
37 silly packumentCache full:https://registry.npmjs.org/@babel%2fplugin-transform-react-jsx-self set size:undefined disposed:false
38 http fetch GET 200 https://registry.npmjs.org/@types%2fbabel__core 363ms (cache miss)
39 silly packumentCache full:https://registry.npmjs.org/@types%2fbabel__core set size:undefined disposed:false
40 http fetch GET 200 https://registry.npmjs.org/@babel%2fplugin-transform-react-jsx-source 363ms (cache miss)
41 silly packumentCache full:https://registry.npmjs.org/@babel%2fplugin-transform-react-jsx-source set size:undefined disposed:false
42 http fetch GET 200 https://registry.npmjs.org/react-refresh 365ms (cache miss)
43 silly packumentCache full:https://registry.npmjs.org/react-refresh set size:undefined disposed:false
44 silly placeDep ROOT @babel/core@7.29.0 OK for: @vitejs/plugin-react@4.7.0 want: ^7.28.0
45 silly placeDep ROOT @babel/plugin-transform-react-jsx-self@7.27.1 OK for: @vitejs/plugin-react@4.7.0 want: ^7.27.1
46 silly placeDep ROOT @babel/plugin-transform-react-jsx-source@7.27.1 OK for: @vitejs/plugin-react@4.7.0 want: ^7.27.1
47 silly placeDep ROOT @rolldown/pluginutils@1.0.0-beta.27 OK for: @vitejs/plugin-react@4.7.0 want: 1.0.0-beta.27
48 silly placeDep ROOT @types/babel__core@7.20.5 OK for: @vitejs/plugin-react@4.7.0 want: ^7.20.5
49 silly placeDep ROOT react-refresh@0.17.0 OK for: @vitejs/plugin-react@4.7.0 want: ^0.17.0
50 silly fetch manifest json5@^2.2.3
51 silly packumentCache full:https://registry.npmjs.org/json5 cache-miss
52 silly fetch manifest semver@^6.3.1
53 silly packumentCache full:https://registry.npmjs.org/semver cache-miss
54 silly fetch manifest gensync@^1.0.0-beta.2
55 silly packumentCache full:https://registry.npmjs.org/gensync cache-miss
56 silly fetch manifest @babel/types@^7.29.0
57 silly packumentCache full:https://registry.npmjs.org/@babel%2ftypes cache-miss
58 silly fetch manifest @babel/parser@^7.29.0
59 silly packumentCache full:https://registry.npmjs.org/@babel%2fparser cache-miss
60 silly fetch manifest @babel/helpers@^7.28.6
61 silly packumentCache full:https://registry.npmjs.org/@babel%2fhelpers cache-miss
62 silly fetch manifest @babel/template@^7.28.6
63 silly packumentCache full:https://registry.npmjs.org/@babel%2ftemplate cache-miss
64 silly fetch manifest @babel/traverse@^7.29.0
65 silly packumentCache full:https://registry.npmjs.org/@babel%2ftraverse cache-miss
66 silly fetch manifest @babel/generator@^7.29.0
67 silly packumentCache full:https://registry.npmjs.org/@babel%2fgenerator cache-miss
68 http cache https://registry.npmjs.org/semver 19ms (cache hit)
69 silly packumentCache full:https://registry.npmjs.org/semver set size:229620 disposed:false
70 silly fetch manifest @babel/code-frame@^7.29.0
71 silly packumentCache full:https://registry.npmjs.org/@babel%2fcode-frame cache-miss
72 http fetch GET 200 https://registry.npmjs.org/gensync 242ms (cache miss)
73 silly packumentCache full:https://registry.npmjs.org/gensync set size:undefined disposed:false
74 silly fetch manifest convert-source-map@^2.0.0
75 silly packumentCache full:https://registry.npmjs.org/convert-source-map cache-miss
76 http fetch GET 200 https://registry.npmjs.org/json5 253ms (cache miss)
77 silly packumentCache full:https://registry.npmjs.org/json5 set size:undefined disposed:false
78 silly fetch manifest @jridgewell/remapping@^2.3.5
79 silly packumentCache full:https://registry.npmjs.org/@jridgewell%2fremapping cache-miss
80 http fetch GET 200 https://registry.npmjs.org/@babel%2ftypes 253ms (cache miss)
81 silly packumentCache full:https://registry.npmjs.org/@babel%2ftypes set size:undefined disposed:false
82 silly fetch manifest @babel/helper-module-transforms@^7.28.6
83 silly packumentCache full:https://registry.npmjs.org/@babel%2fhelper-module-transforms cache-miss
84 http fetch GET 200 https://registry.npmjs.org/@babel%2fparser 333ms (cache miss)
85 silly packumentCache full:https://registry.npmjs.org/@babel%2fparser set size:undefined disposed:false
86 silly fetch manifest @babel/helper-compilation-targets@^7.28.6
87 silly packumentCache full:https://registry.npmjs.org/@babel%2fhelper-compilation-targets cache-miss
88 http fetch GET 200 https://registry.npmjs.org/@babel%2fcode-frame 356ms (cache miss)
89 silly packumentCache full:https://registry.npmjs.org/@babel%2fcode-frame set size:undefined disposed:false
90 silly fetch manifest @babel/helper-plugin-utils@^7.27.1
91 silly packumentCache full:https://registry.npmjs.org/@babel%2fhelper-plugin-utils cache-miss
92 http fetch GET 200 https://registry.npmjs.org/@babel%2ftemplate 377ms (cache miss)
93 silly packumentCache full:https://registry.npmjs.org/@babel%2ftemplate set size:undefined disposed:false
94 silly fetch manifest @babel/helper-plugin-utils@^7.27.1
95 silly packumentCache full:https://registry.npmjs.org/@babel%2fhelper-plugin-utils cache-miss
96 http fetch GET 200 https://registry.npmjs.org/@babel%2fgenerator 458ms (cache miss)
97 silly packumentCache full:https://registry.npmjs.org/@babel%2fgenerator set size:undefined disposed:false
98 silly fetch manifest @babel/types@^7.20.7
99 silly packumentCache full:https://registry.npmjs.org/@babel%2ftypes cache-miss
100 http fetch GET 200 https://registry.npmjs.org/convert-source-map 239ms (cache miss)
101 silly packumentCache full:https://registry.npmjs.org/convert-source-map set size:undefined disposed:false
102 silly fetch manifest @babel/parser@^7.20.7
103 silly packumentCache full:https://registry.npmjs.org/@babel%2fparser cache-miss
104 http fetch GET 200 https://registry.npmjs.org/@babel%2fhelpers 498ms (cache miss)
105 silly packumentCache full:https://registry.npmjs.org/@babel%2fhelpers set size:undefined disposed:false
106 silly fetch manifest @types/babel__template@*
107 silly packumentCache full:https://registry.npmjs.org/@types%2fbabel__template cache-miss
108 http fetch GET 200 https://registry.npmjs.org/@babel%2ftraverse 515ms (cache miss)
109 silly packumentCache full:https://registry.npmjs.org/@babel%2ftraverse set size:undefined disposed:false
110 silly fetch manifest @types/babel__traverse@*
111 silly packumentCache full:https://registry.npmjs.org/@types%2fbabel__traverse cache-miss
112 http fetch GET 200 https://registry.npmjs.org/@jridgewell%2fremapping 273ms (cache miss)
113 silly packumentCache full:https://registry.npmjs.org/@jridgewell%2fremapping set size:undefined disposed:false
114 silly fetch manifest @types/babel__generator@*
115 silly packumentCache full:https://registry.npmjs.org/@types%2fbabel__generator cache-miss
116 http cache https://registry.npmjs.org/@babel%2ftypes 101ms (cache hit)
117 silly packumentCache full:https://registry.npmjs.org/@babel%2ftypes set size:487885 disposed:false
118 http cache https://registry.npmjs.org/@babel%2fparser 97ms (cache hit)
119 silly packumentCache full:https://registry.npmjs.org/@babel%2fparser set size:718758 disposed:false
120 http fetch GET 200 https://registry.npmjs.org/@babel%2fhelper-module-transforms 329ms (cache miss)
121 silly packumentCache full:https://registry.npmjs.org/@babel%2fhelper-module-transforms set size:undefined disposed:false
122 http fetch GET 200 https://registry.npmjs.org/@babel%2fhelper-plugin-utils 209ms (cache miss)
123 silly packumentCache full:https://registry.npmjs.org/@babel%2fhelper-plugin-utils set size:undefined disposed:false
124 http fetch GET 200 https://registry.npmjs.org/@babel%2fhelper-compilation-targets 251ms (cache miss)
125 silly packumentCache full:https://registry.npmjs.org/@babel%2fhelper-compilation-targets set size:undefined disposed:false
126 http fetch GET 200 https://registry.npmjs.org/@babel%2fhelper-plugin-utils 208ms (cache miss)
127 silly packumentCache full:https://registry.npmjs.org/@babel%2fhelper-plugin-utils set size:undefined disposed:false
128 http fetch GET 200 https://registry.npmjs.org/@types%2fbabel__generator 158ms (cache miss)
129 silly packumentCache full:https://registry.npmjs.org/@types%2fbabel__generator set size:undefined disposed:false
130 http fetch GET 200 https://registry.npmjs.org/@types%2fbabel__template 197ms (cache miss)
131 silly packumentCache full:https://registry.npmjs.org/@types%2fbabel__template set size:undefined disposed:false
132 http fetch GET 200 https://registry.npmjs.org/@types%2fbabel__traverse 186ms (cache miss)
133 silly packumentCache full:https://registry.npmjs.org/@types%2fbabel__traverse set size:undefined disposed:false
134 silly placeDep ROOT @babel/code-frame@7.29.0 OK for: @babel/core@7.29.0 want: ^7.29.0
135 silly placeDep ROOT @babel/generator@7.29.1 OK for: @babel/core@7.29.0 want: ^7.29.0
136 silly placeDep ROOT @babel/helper-compilation-targets@7.28.6 OK for: @babel/core@7.29.0 want: ^7.28.6
137 silly placeDep ROOT @babel/helper-module-transforms@7.28.6 OK for: @babel/core@7.29.0 want: ^7.28.6
138 silly placeDep ROOT @babel/helpers@7.29.2 OK for: @babel/core@7.29.0 want: ^7.28.6
139 silly placeDep ROOT @babel/parser@7.29.2 OK for: @babel/core@7.29.0 want: ^7.29.0
140 silly placeDep ROOT @babel/template@7.28.6 OK for: @babel/core@7.29.0 want: ^7.28.6
141 silly placeDep ROOT @babel/traverse@7.29.0 OK for: @babel/core@7.29.0 want: ^7.29.0
142 silly placeDep ROOT @babel/types@7.29.0 OK for: @babel/core@7.29.0 want: ^7.29.0
143 silly placeDep ROOT @jridgewell/remapping@2.3.5 OK for: @babel/core@7.29.0 want: ^2.3.5
144 silly placeDep ROOT convert-source-map@2.0.0 OK for: @babel/core@7.29.0 want: ^2.0.0
145 silly placeDep ROOT gensync@1.0.0-beta.2 OK for: @babel/core@7.29.0 want: ^1.0.0-beta.2
146 silly placeDep ROOT json5@2.2.3 OK for: @babel/core@7.29.0 want: ^2.2.3
147 silly placeDep node_modules/@babel/core semver@6.3.1 OK for: @babel/core@7.29.0 want: ^6.3.1
148 silly fetch manifest js-tokens@^4.0.0
149 silly packumentCache full:https://registry.npmjs.org/js-tokens cache-miss
150 silly fetch manifest @babel/helper-validator-identifier@^7.28.5
151 silly packumentCache full:https://registry.npmjs.org/@babel%2fhelper-validator-identifier cache-miss
152 silly fetch manifest jsesc@^3.0.2
153 silly packumentCache full:https://registry.npmjs.org/jsesc cache-miss
154 silly fetch manifest @jridgewell/gen-mapping@^0.3.12
155 silly packumentCache full:https://registry.npmjs.org/@jridgewell%2fgen-mapping cache-miss
156 silly fetch manifest @jridgewell/trace-mapping@^0.3.28
157 silly packumentCache full:https://registry.npmjs.org/@jridgewell%2ftrace-mapping cache-miss
158 silly fetch manifest lru-cache@^5.1.1
159 silly packumentCache full:https://registry.npmjs.org/lru-cache cache-miss
160 silly fetch manifest browserslist@^4.24.0
161 silly packumentCache full:https://registry.npmjs.org/browserslist cache-miss
162 silly fetch manifest @babel/compat-data@^7.28.6
163 silly packumentCache full:https://registry.npmjs.org/@babel%2fcompat-data cache-miss
164 silly fetch manifest @babel/helper-validator-option@^7.27.1
165 silly packumentCache full:https://registry.npmjs.org/@babel%2fhelper-validator-option cache-miss
166 http fetch GET 200 https://registry.npmjs.org/js-tokens 151ms (cache miss)
167 silly packumentCache full:https://registry.npmjs.org/js-tokens set size:undefined disposed:false
168 silly fetch manifest @babel/traverse@^7.28.6
169 silly packumentCache full:https://registry.npmjs.org/@babel%2ftraverse cache-miss
170 http fetch GET 200 https://registry.npmjs.org/jsesc 223ms (cache miss)
171 silly packumentCache full:https://registry.npmjs.org/jsesc set size:undefined disposed:false
172 silly fetch manifest @babel/helper-module-imports@^7.28.6
173 silly packumentCache full:https://registry.npmjs.org/@babel%2fhelper-module-imports cache-miss
174 http fetch GET 200 https://registry.npmjs.org/@babel%2fhelper-validator-identifier 231ms (cache miss)
175 silly packumentCache full:https://registry.npmjs.org/@babel%2fhelper-validator-identifier set size:undefined disposed:false
176 silly fetch manifest @babel/types@^7.28.6
177 silly packumentCache full:https://registry.npmjs.org/@babel%2ftypes cache-hit
178 silly fetch manifest @babel/helper-globals@^7.28.0
179 silly packumentCache full:https://registry.npmjs.org/@babel%2fhelper-globals cache-miss
180 http fetch GET 200 https://registry.npmjs.org/@jridgewell%2fgen-mapping 232ms (cache miss)
181 silly packumentCache full:https://registry.npmjs.org/@jridgewell%2fgen-mapping set size:undefined disposed:false
182 silly fetch manifest @babel/helper-string-parser@^7.27.1
183 silly packumentCache full:https://registry.npmjs.org/@babel%2fhelper-string-parser cache-miss
184 http fetch GET 200 https://registry.npmjs.org/@babel%2fhelper-validator-option 232ms (cache miss)
185 silly packumentCache full:https://registry.npmjs.org/@babel%2fhelper-validator-option set size:undefined disposed:false
186 silly fetch manifest @jridgewell/gen-mapping@^0.3.5
187 silly packumentCache full:https://registry.npmjs.org/@jridgewell%2fgen-mapping cache-miss
188 http fetch GET 200 https://registry.npmjs.org/@jridgewell%2ftrace-mapping 284ms (cache miss)
189 silly packumentCache full:https://registry.npmjs.org/@jridgewell%2ftrace-mapping set size:undefined disposed:false
190 silly fetch manifest @jridgewell/trace-mapping@^0.3.24
191 silly packumentCache full:https://registry.npmjs.org/@jridgewell%2ftrace-mapping cache-miss
192 http fetch GET 200 https://registry.npmjs.org/@babel%2fcompat-data 293ms (cache miss)
193 silly packumentCache full:https://registry.npmjs.org/@babel%2fcompat-data set size:undefined disposed:false
194 http cache https://registry.npmjs.org/@babel%2ftraverse 150ms (cache hit)
195 silly packumentCache full:https://registry.npmjs.org/@babel%2ftraverse set size:548722 disposed:false
196 http cache https://registry.npmjs.org/@jridgewell%2fgen-mapping 119ms (cache hit)
197 silly packumentCache full:https://registry.npmjs.org/@jridgewell%2fgen-mapping set size:80719 disposed:false
198 http fetch GET 200 https://registry.npmjs.org/lru-cache 394ms (cache miss)
199 silly packumentCache full:https://registry.npmjs.org/lru-cache set size:undefined disposed:false
200 http cache https://registry.npmjs.org/@jridgewell%2ftrace-mapping 112ms (cache hit)
201 silly packumentCache full:https://registry.npmjs.org/@jridgewell%2ftrace-mapping set size:170909 disposed:false
202 http fetch GET 200 https://registry.npmjs.org/@babel%2fhelper-globals 165ms (cache miss)
203 silly packumentCache full:https://registry.npmjs.org/@babel%2fhelper-globals set size:undefined disposed:false
204 http fetch GET 200 https://registry.npmjs.org/browserslist 397ms (cache miss)
205 silly packumentCache full:https://registry.npmjs.org/browserslist set size:undefined disposed:false
206 http fetch GET 200 https://registry.npmjs.org/@babel%2fhelper-string-parser 191ms (cache miss)
207 silly packumentCache full:https://registry.npmjs.org/@babel%2fhelper-string-parser set size:undefined disposed:false
208 http fetch GET 200 https://registry.npmjs.org/@babel%2fhelper-module-imports 201ms (cache miss)
209 silly packumentCache full:https://registry.npmjs.org/@babel%2fhelper-module-imports set size:undefined disposed:false
210 silly placeDep ROOT @babel/helper-validator-identifier@7.28.5 OK for: @babel/code-frame@7.29.0 want: ^7.28.5
211 silly placeDep ROOT js-tokens@4.0.0 OK for: @babel/code-frame@7.29.0 want: ^4.0.0
212 silly placeDep ROOT @jridgewell/gen-mapping@0.3.13 OK for: @babel/generator@7.29.1 want: ^0.3.12
213 silly placeDep ROOT @jridgewell/trace-mapping@0.3.31 OK for: @babel/generator@7.29.1 want: ^0.3.28
214 silly placeDep ROOT jsesc@3.1.0 OK for: @babel/generator@7.29.1 want: ^3.0.2
215 silly fetch manifest @jridgewell/sourcemap-codec@^1.5.0
216 silly packumentCache full:https://registry.npmjs.org/@jridgewell%2fsourcemap-codec cache-miss
217 silly fetch manifest @jridgewell/resolve-uri@^3.1.0
218 silly packumentCache full:https://registry.npmjs.org/@jridgewell%2fresolve-uri cache-miss
219 silly fetch manifest @jridgewell/sourcemap-codec@^1.4.14
220 silly packumentCache full:https://registry.npmjs.org/@jridgewell%2fsourcemap-codec cache-miss
221 http fetch GET 200 https://registry.npmjs.org/@jridgewell%2fsourcemap-codec 89ms (cache miss)
222 silly packumentCache full:https://registry.npmjs.org/@jridgewell%2fsourcemap-codec set size:undefined disposed:false
223 http fetch GET 200 https://registry.npmjs.org/@jridgewell%2fsourcemap-codec 96ms (cache miss)
224 silly packumentCache full:https://registry.npmjs.org/@jridgewell%2fsourcemap-codec set size:undefined disposed:false
225 http fetch GET 200 https://registry.npmjs.org/@jridgewell%2fresolve-uri 102ms (cache miss)
226 silly packumentCache full:https://registry.npmjs.org/@jridgewell%2fresolve-uri set size:undefined disposed:false
227 silly placeDep ROOT @babel/compat-data@7.29.0 OK for: @babel/helper-compilation-targets@7.28.6 want: ^7.28.6
228 silly placeDep ROOT @babel/helper-validator-option@7.27.1 OK for: @babel/helper-compilation-targets@7.28.6 want: ^7.27.1
229 silly placeDep ROOT browserslist@4.28.2 OK for: @babel/helper-compilation-targets@7.28.6 want: ^4.24.0
230 silly placeDep ROOT lru-cache@5.1.1 OK for: @babel/helper-compilation-targets@7.28.6 want: ^5.1.1
231 silly placeDep node_modules/@babel/helper-compilation-targets semver@6.3.1 OK for: @babel/helper-compilation-targets@7.28.6 want: ^6.3.1
232 silly fetch manifest baseline-browser-mapping@^2.10.12
233 silly packumentCache full:https://registry.npmjs.org/baseline-browser-mapping cache-miss
234 silly fetch manifest caniuse-lite@^1.0.30001782
235 silly packumentCache full:https://registry.npmjs.org/caniuse-lite cache-miss
236 silly fetch manifest electron-to-chromium@^1.5.328
237 silly packumentCache full:https://registry.npmjs.org/electron-to-chromium cache-miss
238 silly fetch manifest node-releases@^2.0.36
239 silly packumentCache full:https://registry.npmjs.org/node-releases cache-miss
240 silly fetch manifest update-browserslist-db@^1.2.3
241 silly packumentCache full:https://registry.npmjs.org/update-browserslist-db cache-miss
242 silly fetch manifest yallist@^3.0.2
243 silly packumentCache full:https://registry.npmjs.org/yallist cache-miss
244 http fetch GET 200 https://registry.npmjs.org/update-browserslist-db 174ms (cache miss)
245 silly packumentCache full:https://registry.npmjs.org/update-browserslist-db set size:undefined disposed:false
246 http fetch GET 200 https://registry.npmjs.org/node-releases 175ms (cache miss)
247 silly packumentCache full:https://registry.npmjs.org/node-releases set size:undefined disposed:false
248 http fetch GET 200 https://registry.npmjs.org/yallist 176ms (cache miss)
249 silly packumentCache full:https://registry.npmjs.org/yallist set size:undefined disposed:false
250 http fetch GET 200 https://registry.npmjs.org/baseline-browser-mapping 176ms (cache miss)
251 silly packumentCache full:https://registry.npmjs.org/baseline-browser-mapping set size:undefined disposed:false
252 http fetch GET 200 https://registry.npmjs.org/electron-to-chromium 381ms (cache miss)
253 silly packumentCache full:https://registry.npmjs.org/electron-to-chromium set size:undefined disposed:false
254 http fetch GET 200 https://registry.npmjs.org/caniuse-lite 388ms (cache miss)
255 silly packumentCache full:https://registry.npmjs.org/caniuse-lite set size:undefined disposed:false
256 silly placeDep ROOT @babel/helper-module-imports@7.28.6 OK for: @babel/helper-module-transforms@7.28.6 want: ^7.28.6
257 silly placeDep ROOT @babel/helper-plugin-utils@7.28.6 OK for: @babel/plugin-transform-react-jsx-self@7.27.1 want: ^7.27.1
258 silly placeDep ROOT @babel/helper-globals@7.28.0 OK for: @babel/traverse@7.29.0 want: ^7.28.0
259 silly placeDep ROOT @babel/helper-string-parser@7.27.1 OK for: @babel/types@7.29.0 want: ^7.27.1
260 silly placeDep ROOT @jridgewell/sourcemap-codec@1.5.5 OK for: @jridgewell/gen-mapping@0.3.13 want: ^1.5.0
261 silly placeDep ROOT @jridgewell/resolve-uri@3.1.2 OK for: @jridgewell/trace-mapping@0.3.31 want: ^3.1.0
262 silly placeDep ROOT @types/babel__generator@7.27.0 OK for: @types/babel__core@7.20.5 want: *
263 silly placeDep ROOT @types/babel__template@7.4.4 OK for: @types/babel__core@7.20.5 want: *
264 silly placeDep ROOT @types/babel__traverse@7.28.0 OK for: @types/babel__core@7.20.5 want: *
265 silly placeDep ROOT baseline-browser-mapping@2.10.17 OK for: browserslist@4.28.2 want: ^2.10.12
266 silly placeDep ROOT caniuse-lite@1.0.30001787 OK for: browserslist@4.28.2 want: ^1.0.30001782
267 silly placeDep ROOT electron-to-chromium@1.5.334 OK for: browserslist@4.28.2 want: ^1.5.328
268 silly placeDep ROOT node-releases@2.0.37 OK for: browserslist@4.28.2 want: ^2.0.36
269 silly placeDep ROOT update-browserslist-db@1.2.3 OK for: browserslist@4.28.2 want: ^1.2.3
270 silly fetch manifest escalade@^3.2.0
271 silly packumentCache full:https://registry.npmjs.org/escalade cache-miss
272 http fetch GET 200 https://registry.npmjs.org/escalade 55ms (cache miss)
273 silly packumentCache full:https://registry.npmjs.org/escalade set size:undefined disposed:false
274 silly placeDep ROOT yallist@3.1.1 OK for: lru-cache@5.1.1 want: ^3.0.2
275 silly placeDep ROOT escalade@3.2.0 OK for: update-browserslist-db@1.2.3 want: ^3.2.0
276 silly reify mark retired [
276 silly reify   '/Volumes/raid4/Antigravity IDE/Resume Website/node_modules/@rolldown/pluginutils'
276 silly reify ]
277 silly reify mark retired [
277 silly reify   '/Volumes/raid4/Antigravity IDE/Resume Website/node_modules/@vitejs/plugin-react'
277 silly reify ]
278 silly reify moves {
278 silly reify   '/Volumes/raid4/Antigravity IDE/Resume Website/node_modules/@rolldown/pluginutils': '/Volumes/raid4/Antigravity IDE/Resume Website/node_modules/@rolldown/.pluginutils-NHiieBgm',
278 silly reify   '/Volumes/raid4/Antigravity IDE/Resume Website/node_modules/@vitejs/plugin-react': '/Volumes/raid4/Antigravity IDE/Resume Website/node_modules/@vitejs/.plugin-react-U04ZFELX'
278 silly reify }
279 silly audit bulk request {
279 silly audit   '@emnapi/runtime': [ '1.9.2' ],
279 silly audit   '@esbuild/aix-ppc64': [ '0.25.12', '0.21.5' ],
279 silly audit   '@esbuild/android-arm': [ '0.25.12', '0.21.5' ],
279 silly audit   '@esbuild/android-arm64': [ '0.25.12', '0.21.5' ],
279 silly audit   '@esbuild/android-x64': [ '0.25.12', '0.21.5' ],
279 silly audit   '@esbuild/darwin-arm64': [ '0.25.12', '0.21.5' ],
279 silly audit   '@esbuild/darwin-x64': [ '0.25.12', '0.21.5' ],
279 silly audit   '@esbuild/freebsd-arm64': [ '0.25.12', '0.21.5' ],
279 silly audit   '@esbuild/freebsd-x64': [ '0.25.12', '0.21.5' ],
279 silly audit   '@esbuild/linux-arm': [ '0.25.12', '0.21.5' ],
279 silly audit   '@esbuild/linux-arm64': [ '0.25.12', '0.21.5' ],
279 silly audit   '@esbuild/linux-ia32': [ '0.25.12', '0.21.5' ],
279 silly audit   '@esbuild/linux-loong64': [ '0.25.12', '0.21.5' ],
279 silly audit   '@esbuild/linux-mips64el': [ '0.25.12', '0.21.5' ],
279 silly audit   '@esbuild/linux-ppc64': [ '0.25.12', '0.21.5' ],
279 silly audit   '@esbuild/linux-riscv64': [ '0.25.12', '0.21.5' ],
279 silly audit   '@esbuild/linux-s390x': [ '0.25.12', '0.21.5' ],
279 silly audit   '@esbuild/linux-x64': [ '0.25.12', '0.21.5' ],
279 silly audit   '@esbuild/netbsd-arm64': [ '0.25.12' ],
279 silly audit   '@esbuild/netbsd-x64': [ '0.25.12', '0.21.5' ],
279 silly audit   '@esbuild/openbsd-arm64': [ '0.25.12' ],
279 silly audit   '@esbuild/openbsd-x64': [ '0.25.12', '0.21.5' ],
279 silly audit   '@esbuild/openharmony-arm64': [ '0.25.12' ],
279 silly audit   '@esbuild/sunos-x64': [ '0.25.12', '0.21.5' ],
279 silly audit   '@esbuild/win32-arm64': [ '0.25.12', '0.21.5' ],
279 silly audit   '@esbuild/win32-ia32': [ '0.25.12', '0.21.5' ],
279 silly audit   '@esbuild/win32-x64': [ '0.25.12', '0.21.5' ],
279 silly audit   '@eslint-community/eslint-utils': [ '4.9.1' ],
279 silly audit   'eslint-visitor-keys': [ '3.4.3', '4.2.1' ],
279 silly audit   '@eslint-community/regexpp': [ '4.12.2' ],
279 silly audit   '@eslint/config-array': [ '0.21.2' ],
279 silly audit   '@eslint/config-helpers': [ '0.4.2' ],
279 silly audit   '@eslint/core': [ '0.17.0' ],
279 silly audit   '@eslint/eslintrc': [ '3.3.5' ],
279 silly audit   '@eslint/js': [ '9.39.4' ],
279 silly audit   '@eslint/object-schema': [ '2.1.7' ],
279 silly audit   '@eslint/plugin-kit': [ '0.4.1' ],
279 silly audit   '@gltf-transform/core': [ '4.3.0' ],
279 silly audit   '@gltf-transform/extensions': [ '4.3.0' ],
279 silly audit   '@gltf-transform/functions': [ '4.3.0' ],
279 silly audit   '@humanfs/core': [ '0.19.1' ],
279 silly audit   '@humanfs/node': [ '0.16.7' ],
279 silly audit   '@humanwhocodes/module-importer': [ '1.0.1' ],
279 silly audit   '@humanwhocodes/retry': [ '0.4.3' ],
279 silly audit   '@img/colour': [ '1.1.0' ],
279 silly audit   '@img/sharp-darwin-arm64': [ '0.34.5' ],
279 silly audit   '@img/sharp-darwin-x64': [ '0.34.5' ],
279 silly audit   '@img/sharp-libvips-darwin-arm64': [ '1.2.4' ],
279 silly audit   '@img/sharp-libvips-darwin-x64': [ '1.2.4' ],
279 silly audit   '@img/sharp-libvips-linux-arm': [ '1.2.4' ],
279 silly audit   '@img/sharp-libvips-linux-arm64': [ '1.2.4' ],
279 silly audit   '@img/sharp-libvips-linux-ppc64': [ '1.2.4' ],
279 silly audit   '@img/sharp-libvips-linux-riscv64': [ '1.2.4' ],
279 silly audit   '@img/sharp-libvips-linux-s390x': [ '1.2.4' ],
279 silly audit   '@img/sharp-libvips-linux-x64': [ '1.2.4' ],
279 silly audit   '@img/sharp-libvips-linuxmusl-arm64': [ '1.2.4' ],
279 silly audit   '@img/sharp-libvips-linuxmusl-x64': [ '1.2.4' ],
279 silly audit   '@img/sharp-linux-arm': [ '0.34.5' ],
279 silly audit   '@img/sharp-linux-arm64': [ '0.34.5' ],
279 silly audit   '@img/sharp-linux-ppc64': [ '0.34.5' ],
279 silly audit   '@img/sharp-linux-riscv64': [ '0.34.5' ],
279 silly audit   '@img/sharp-linux-s390x': [ '0.34.5' ],
279 silly audit   '@img/sharp-linux-x64': [ '0.34.5' ],
279 silly audit   '@img/sharp-linuxmusl-arm64': [ '0.34.5' ],
279 silly audit   '@img/sharp-linuxmusl-x64': [ '0.34.5' ],
279 silly audit   '@img/sharp-wasm32': [ '0.34.5' ],
279 silly audit   '@img/sharp-win32-arm64': [ '0.34.5' ],
279 silly audit   '@img/sharp-win32-ia32': [ '0.34.5' ],
279 silly audit   '@img/sharp-win32-x64': [ '0.34.5' ],
279 silly audit   '@rollup/rollup-android-arm-eabi': [ '4.60.1' ],
279 silly audit   '@rollup/rollup-android-arm64': [ '4.60.1' ],
279 silly audit   '@rollup/rollup-darwin-arm64': [ '4.60.1' ],
279 silly audit   '@rollup/rollup-darwin-x64': [ '4.60.1' ],
279 silly audit   '@rollup/rollup-freebsd-arm64': [ '4.60.1' ],
279 silly audit   '@rollup/rollup-freebsd-x64': [ '4.60.1' ],
279 silly audit   '@rollup/rollup-linux-arm-gnueabihf': [ '4.60.1' ],
279 silly audit   '@rollup/rollup-linux-arm-musleabihf': [ '4.60.1' ],
279 silly audit   '@rollup/rollup-linux-arm64-gnu': [ '4.60.1' ],
279 silly audit   '@rollup/rollup-linux-arm64-musl': [ '4.60.1' ],
279 silly audit   '@rollup/rollup-linux-loong64-gnu': [ '4.60.1' ],
279 silly audit   '@rollup/rollup-linux-loong64-musl': [ '4.60.1' ],
279 silly audit   '@rollup/rollup-linux-ppc64-gnu': [ '4.60.1' ],
279 silly audit   '@rollup/rollup-linux-ppc64-musl': [ '4.60.1' ],
279 silly audit   '@rollup/rollup-linux-riscv64-gnu': [ '4.60.1' ],
279 silly audit   '@rollup/rollup-linux-riscv64-musl': [ '4.60.1' ],
279 silly audit   '@rollup/rollup-linux-s390x-gnu': [ '4.60.1' ],
279 silly audit   '@rollup/rollup-linux-x64-gnu': [ '4.60.1' ],
279 silly audit   '@rollup/rollup-linux-x64-musl': [ '4.60.1' ],
279 silly audit   '@rollup/rollup-openbsd-x64': [ '4.60.1' ],
279 silly audit   '@rollup/rollup-openharmony-arm64': [ '4.60.1' ],
279 silly audit   '@rollup/rollup-win32-arm64-msvc': [ '4.60.1' ],
279 silly audit   '@rollup/rollup-win32-ia32-msvc': [ '4.60.1' ],
279 silly audit   '@rollup/rollup-win32-x64-gnu': [ '4.60.1' ],
279 silly audit   '@rollup/rollup-win32-x64-msvc': [ '4.60.1' ],
279 silly audit   '@types/estree': [ '1.0.8' ],
279 silly audit   '@types/json-schema': [ '7.0.15' ],
279 silly audit   '@types/ndarray': [ '1.0.14' ],
279 silly audit   acorn: [ '8.16.0' ],
279 silly audit   'acorn-jsx': [ '5.3.2' ],
279 silly audit   ajv: [ '6.14.0' ],
279 silly audit   'ansi-styles': [ '4.3.0' ],
279 silly audit   argparse: [ '2.0.1' ],
279 silly audit   'balanced-match': [ '1.0.2' ],
279 silly audit   'brace-expansion': [ '1.1.13' ],
279 silly audit   callsites: [ '3.1.0' ],
279 silly audit   chalk: [ '4.1.2' ],
279 silly audit   'color-convert': [ '2.0.1' ],
279 silly audit   'color-name': [ '1.1.4' ],
279 silly audit   'concat-map': [ '0.0.1' ],
279 silly audit   'cross-spawn': [ '7.0.6' ],
279 silly audit   'cwise-compiler': [ '1.1.3' ],
279 silly audit   debug: [ '4.4.3' ],
279 silly audit   'deep-is': [ '0.1.4' ],
279 silly audit   'detect-libc': [ '2.1.2' ],
279 silly audit   draco3dgltf: [ '1.5.7' ],
279 silly audit   esbuild: [ '0.25.12', '0.21.5' ],
279 silly audit   'escape-string-regexp': [ '4.0.0' ],
279 silly audit   eslint: [ '9.39.4' ],
279 silly audit   'eslint-scope': [ '8.4.0' ],
279 silly audit   espree: [ '10.4.0' ],
279 silly audit   esquery: [ '1.7.0' ],
279 silly audit   esrecurse: [ '4.3.0' ],
279 silly audit   estraverse: [ '5.3.0' ],
279 silly audit   esutils: [ '2.0.3' ],
279 silly audit   'fast-deep-equal': [ '3.1.3' ],
279 silly audit   'fast-json-stable-stringify': [ '2.1.0' ],
279 silly audit   'fast-levenshtein': [ '2.0.6' ],
279 silly audit   fdir: [ '6.5.0' ],
279 silly audit   'file-entry-cache': [ '8.0.0' ],
279 silly audit   'find-up': [ '5.0.0' ],
279 silly audit   'flat-cache': [ '4.0.1' ],
279 silly audit   flatted: [ '3.4.2' ],
279 silly audit   fsevents: [ '2.3.3' ],
279 silly audit   'glob-parent': [ '6.0.2' ],
279 silly audit   globals: [ '14.0.0' ],
279 silly audit   handlebars: [ '4.7.9' ],
279 silly audit   'has-flag': [ '4.0.0' ],
279 silly audit   ignore: [ '5.3.2' ],
279 silly audit   'import-fresh': [ '3.3.1' ],
279 silly audit   imurmurhash: [ '0.1.4' ],
279 silly audit   'iota-array': [ '1.0.0' ],
279 silly audit   'is-buffer': [ '1.1.6' ],
279 silly audit   'is-extglob': [ '2.1.1' ],
279 silly audit   'is-glob': [ '4.0.3' ],
279 silly audit   isexe: [ '2.0.0' ],
279 silly audit   'js-yaml': [ '4.1.1' ],
279 silly audit   'json-buffer': [ '3.0.1' ],
279 silly audit   'json-schema-traverse': [ '0.4.1' ],
279 silly audit   'json-stable-stringify-without-jsonify': [ '1.0.1' ],
279 silly audit   keyv: [ '4.5.4' ],
279 silly audit   'ktx-parse': [ '1.1.0' ],
279 silly audit   levn: [ '0.4.1' ],
279 silly audit   'locate-path': [ '6.0.0' ],
279 silly audit   'lodash.merge': [ '4.6.2' ],
279 silly audit   minimatch: [ '3.1.5' ],
279 silly audit   minimist: [ '1.2.8' ],
279 silly audit   ms: [ '2.1.3' ],
279 silly audit   nanoid: [ '3.3.11' ],
279 silly audit   'natural-compare': [ '1.4.0' ],
279 silly audit   ndarray: [ '1.0.19' ],
279 silly audit   'ndarray-lanczos': [ '0.3.0' ],
279 silly audit   'ndarray-ops': [ '1.2.2' ],
279 silly audit   'ndarray-pixels': [ '5.0.1' ],
279 silly audit   'neo-async': [ '2.6.2' ],
279 silly audit   optionator: [ '0.9.4' ],
279 silly audit   'p-limit': [ '3.1.0' ],
279 silly audit   'p-locate': [ '5.0.0' ],
279 silly audit   'parent-module': [ '1.0.1' ],
279 silly audit   'path-exists': [ '4.0.0' ],
279 silly audit   'path-key': [ '3.1.1' ],
279 silly audit   picocolors: [ '1.1.1' ],
279 silly audit   picomatch: [ '4.0.4' ],
279 silly audit   postcss: [ '8.5.9' ],
279 silly audit   'prelude-ls': [ '1.2.1' ],
279 silly audit   prettier: [ '3.8.1' ],
279 silly audit   'property-graph': [ '4.1.0' ],
279 silly audit   punycode: [ '2.3.1' ],
279 silly audit   react: [ '19.2.5' ],
279 silly audit   'react-dom': [ '19.2.5' ],
279 silly audit   'resolve-from': [ '4.0.0' ],
279 silly audit   rollup: [ '4.60.1' ],
279 silly audit   scheduler: [ '0.27.0' ],
279 silly audit   semver: [ '7.7.4', '6.3.1' ],
279 silly audit   sharp: [ '0.34.5' ],
279 silly audit   'shebang-command': [ '2.0.0' ],
279 silly audit   'shebang-regex': [ '3.0.0' ],
279 silly audit   'source-map': [ '0.6.1' ],
279 silly audit   'source-map-js': [ '1.2.1' ],
279 silly audit   'strip-json-comments': [ '3.1.1' ],
279 silly audit   'supports-color': [ '7.2.0' ],
279 silly audit   three: [ '0.170.0' ],
279 silly audit   tinyglobby: [ '0.2.16' ],
279 silly audit   tslib: [ '2.8.1' ],
279 silly audit   'type-check': [ '0.4.0' ],
279 silly audit   'uglify-js': [ '3.19.3' ],
279 silly audit   uniq: [ '1.0.1' ],
279 silly audit   'uri-js': [ '4.4.1' ],
279 silly audit   vite: [ '6.4.2', '5.4.21' ],
279 silly audit   'vite-plugin-handlebars': [ '2.0.0' ],
279 silly audit   which: [ '2.0.2' ],
279 silly audit   'word-wrap': [ '1.2.5' ],
279 silly audit   wordwrap: [ '1.0.0' ],
279 silly audit   'yocto-queue': [ '0.1.0' ],
279 silly audit   '@vitejs/plugin-react': [ '4.7.0' ],
279 silly audit   '@babel/core': [ '7.29.0' ],
279 silly audit   '@babel/plugin-transform-react-jsx-self': [ '7.27.1' ],
279 silly audit   '@babel/plugin-transform-react-jsx-source': [ '7.27.1' ],
279 silly audit   '@rolldown/pluginutils': [ '1.0.0-beta.27' ],
279 silly audit   '@types/babel__core': [ '7.20.5' ],
279 silly audit   'react-refresh': [ '0.17.0' ],
279 silly audit   '@babel/code-frame': [ '7.29.0' ],
279 silly audit   '@babel/generator': [ '7.29.1' ],
279 silly audit   '@babel/helper-compilation-targets': [ '7.28.6' ],
279 silly audit   '@babel/helper-module-transforms': [ '7.28.6' ],
279 silly audit   '@babel/helpers': [ '7.29.2' ],
279 silly audit   '@babel/parser': [ '7.29.2' ],
279 silly audit   '@babel/template': [ '7.28.6' ],
279 silly audit   '@babel/traverse': [ '7.29.0' ],
279 silly audit   '@babel/types': [ '7.29.0' ],
279 silly audit   '@jridgewell/remapping': [ '2.3.5' ],
279 silly audit   'convert-source-map': [ '2.0.0' ],
279 silly audit   gensync: [ '1.0.0-beta.2' ],
279 silly audit   json5: [ '2.2.3' ],
279 silly audit   '@babel/helper-validator-identifier': [ '7.28.5' ],
279 silly audit   'js-tokens': [ '4.0.0' ],
279 silly audit   '@jridgewell/gen-mapping': [ '0.3.13' ],
279 silly audit   '@jridgewell/trace-mapping': [ '0.3.31' ],
279 silly audit   jsesc: [ '3.1.0' ],
279 silly audit   '@babel/compat-data': [ '7.29.0' ],
279 silly audit   '@babel/helper-validator-option': [ '7.27.1' ],
279 silly audit   browserslist: [ '4.28.2' ],
279 silly audit   'lru-cache': [ '5.1.1' ],
279 silly audit   '@babel/helper-module-imports': [ '7.28.6' ],
279 silly audit   '@babel/helper-plugin-utils': [ '7.28.6' ],
279 silly audit   '@babel/helper-globals': [ '7.28.0' ],
279 silly audit   '@babel/helper-string-parser': [ '7.27.1' ],
279 silly audit   '@jridgewell/sourcemap-codec': [ '1.5.5' ],
279 silly audit   '@jridgewell/resolve-uri': [ '3.1.2' ],
279 silly audit   '@types/babel__generator': [ '7.27.0' ],
279 silly audit   '@types/babel__template': [ '7.4.4' ],
279 silly audit   '@types/babel__traverse': [ '7.28.0' ],
279 silly audit   'baseline-browser-mapping': [ '2.10.17' ],
279 silly audit   'caniuse-lite': [ '1.0.30001787' ],
279 silly audit   'electron-to-chromium': [ '1.5.334' ],
279 silly audit   'node-releases': [ '2.0.37' ],
279 silly audit   'update-browserslist-db': [ '1.2.3' ],
279 silly audit   yallist: [ '3.1.1' ],
279 silly audit   escalade: [ '3.2.0' ]
279 silly audit }
280 http cache escalade@https://registry.npmjs.org/escalade/-/escalade-3.2.0.tgz 0ms (cache hit)
281 http cache yallist@https://registry.npmjs.org/yallist/-/yallist-3.1.1.tgz 0ms (cache hit)
282 http cache node-releases@https://registry.npmjs.org/node-releases/-/node-releases-2.0.37.tgz 0ms (cache hit)
283 http cache update-browserslist-db@https://registry.npmjs.org/update-browserslist-db/-/update-browserslist-db-1.2.3.tgz 0ms (cache hit)
284 http cache electron-to-chromium@https://registry.npmjs.org/electron-to-chromium/-/electron-to-chromium-1.5.334.tgz 0ms (cache hit)
285 http cache baseline-browser-mapping@https://registry.npmjs.org/baseline-browser-mapping/-/baseline-browser-mapping-2.10.17.tgz 0ms (cache hit)
286 http cache @types/babel__traverse@https://registry.npmjs.org/@types/babel__traverse/-/babel__traverse-7.28.0.tgz 0ms (cache hit)
287 http cache @types/babel__template@https://registry.npmjs.org/@types/babel__template/-/babel__template-7.4.4.tgz 0ms (cache hit)
288 http cache caniuse-lite@https://registry.npmjs.org/caniuse-lite/-/caniuse-lite-1.0.30001787.tgz 0ms (cache hit)
289 http cache @jridgewell/resolve-uri@https://registry.npmjs.org/@jridgewell/resolve-uri/-/resolve-uri-3.1.2.tgz 0ms (cache hit)
290 http cache @babel/helper-string-parser@https://registry.npmjs.org/@babel/helper-string-parser/-/helper-string-parser-7.27.1.tgz 0ms (cache hit)
291 http cache @jridgewell/sourcemap-codec@https://registry.npmjs.org/@jridgewell/sourcemap-codec/-/sourcemap-codec-1.5.5.tgz 0ms (cache hit)
292 http cache @types/babel__generator@https://registry.npmjs.org/@types/babel__generator/-/babel__generator-7.27.0.tgz 0ms (cache hit)
293 http cache @babel/helper-plugin-utils@https://registry.npmjs.org/@babel/helper-plugin-utils/-/helper-plugin-utils-7.28.6.tgz 0ms (cache hit)
294 http cache @babel/helper-globals@https://registry.npmjs.org/@babel/helper-globals/-/helper-globals-7.28.0.tgz 0ms (cache hit)
295 http cache @babel/helper-module-imports@https://registry.npmjs.org/@babel/helper-module-imports/-/helper-module-imports-7.28.6.tgz 0ms (cache hit)
296 http cache lru-cache@https://registry.npmjs.org/lru-cache/-/lru-cache-5.1.1.tgz 0ms (cache hit)
297 http cache browserslist@https://registry.npmjs.org/browserslist/-/browserslist-4.28.2.tgz 0ms (cache hit)
298 http cache @babel/helper-validator-option@https://registry.npmjs.org/@babel/helper-validator-option/-/helper-validator-option-7.27.1.tgz 0ms (cache hit)
299 http cache jsesc@https://registry.npmjs.org/jsesc/-/jsesc-3.1.0.tgz 0ms (cache hit)
300 http cache @jridgewell/gen-mapping@https://registry.npmjs.org/@jridgewell/gen-mapping/-/gen-mapping-0.3.13.tgz 0ms (cache hit)
301 http cache @babel/compat-data@https://registry.npmjs.org/@babel/compat-data/-/compat-data-7.29.0.tgz 0ms (cache hit)
302 http cache @jridgewell/trace-mapping@https://registry.npmjs.org/@jridgewell/trace-mapping/-/trace-mapping-0.3.31.tgz 0ms (cache hit)
303 http cache js-tokens@https://registry.npmjs.org/js-tokens/-/js-tokens-4.0.0.tgz 0ms (cache hit)
304 http cache json5@https://registry.npmjs.org/json5/-/json5-2.2.3.tgz 0ms (cache hit)
305 http cache gensync@https://registry.npmjs.org/gensync/-/gensync-1.0.0-beta.2.tgz 0ms (cache hit)
306 http cache convert-source-map@https://registry.npmjs.org/convert-source-map/-/convert-source-map-2.0.0.tgz 0ms (cache hit)
307 http cache @jridgewell/remapping@https://registry.npmjs.org/@jridgewell/remapping/-/remapping-2.3.5.tgz 0ms (cache hit)
308 http cache @babel/helper-validator-identifier@https://registry.npmjs.org/@babel/helper-validator-identifier/-/helper-validator-identifier-7.28.5.tgz 0ms (cache hit)
309 http cache @babel/types@https://registry.npmjs.org/@babel/types/-/types-7.29.0.tgz 0ms (cache hit)
310 http cache @babel/traverse@https://registry.npmjs.org/@babel/traverse/-/traverse-7.29.0.tgz 0ms (cache hit)
311 http cache @babel/parser@https://registry.npmjs.org/@babel/parser/-/parser-7.29.2.tgz 0ms (cache hit)
312 http cache @babel/template@https://registry.npmjs.org/@babel/template/-/template-7.28.6.tgz 0ms (cache hit)
313 http cache @babel/helpers@https://registry.npmjs.org/@babel/helpers/-/helpers-7.29.2.tgz 0ms (cache hit)
314 http cache @babel/generator@https://registry.npmjs.org/@babel/generator/-/generator-7.29.1.tgz 0ms (cache hit)
315 http cache @babel/helper-module-transforms@https://registry.npmjs.org/@babel/helper-module-transforms/-/helper-module-transforms-7.28.6.tgz 0ms (cache hit)
316 http cache @types/babel__core@https://registry.npmjs.org/@types/babel__core/-/babel__core-7.20.5.tgz 0ms (cache hit)
317 http cache react-refresh@https://registry.npmjs.org/react-refresh/-/react-refresh-0.17.0.tgz 0ms (cache hit)
318 http cache @babel/plugin-transform-react-jsx-self@https://registry.npmjs.org/@babel/plugin-transform-react-jsx-self/-/plugin-transform-react-jsx-self-7.27.1.tgz 0ms (cache hit)
319 http cache @babel/code-frame@https://registry.npmjs.org/@babel/code-frame/-/code-frame-7.29.0.tgz 0ms (cache hit)
320 http cache @babel/plugin-transform-react-jsx-source@https://registry.npmjs.org/@babel/plugin-transform-react-jsx-source/-/plugin-transform-react-jsx-source-7.27.1.tgz 0ms (cache hit)
321 silly tarball no local data for escalade@https://registry.npmjs.org/escalade/-/escalade-3.2.0.tgz. Extracting by manifest.
322 silly tarball no local data for yallist@https://registry.npmjs.org/yallist/-/yallist-3.1.1.tgz. Extracting by manifest.
323 http cache @vitejs/plugin-react@https://registry.npmjs.org/@vitejs/plugin-react/-/plugin-react-4.7.0.tgz 0ms (cache hit)
324 silly tarball no local data for node-releases@https://registry.npmjs.org/node-releases/-/node-releases-2.0.37.tgz. Extracting by manifest.
325 silly tarball no local data for update-browserslist-db@https://registry.npmjs.org/update-browserslist-db/-/update-browserslist-db-1.2.3.tgz. Extracting by manifest.
326 silly tarball no local data for electron-to-chromium@https://registry.npmjs.org/electron-to-chromium/-/electron-to-chromium-1.5.334.tgz. Extracting by manifest.
327 silly tarball no local data for baseline-browser-mapping@https://registry.npmjs.org/baseline-browser-mapping/-/baseline-browser-mapping-2.10.17.tgz. Extracting by manifest.
328 silly tarball no local data for @types/babel__traverse@https://registry.npmjs.org/@types/babel__traverse/-/babel__traverse-7.28.0.tgz. Extracting by manifest.
329 silly tarball no local data for @types/babel__template@https://registry.npmjs.org/@types/babel__template/-/babel__template-7.4.4.tgz. Extracting by manifest.
330 silly tarball no local data for caniuse-lite@https://registry.npmjs.org/caniuse-lite/-/caniuse-lite-1.0.30001787.tgz. Extracting by manifest.
331 silly tarball no local data for @jridgewell/resolve-uri@https://registry.npmjs.org/@jridgewell/resolve-uri/-/resolve-uri-3.1.2.tgz. Extracting by manifest.
332 silly tarball no local data for @babel/helper-string-parser@https://registry.npmjs.org/@babel/helper-string-parser/-/helper-string-parser-7.27.1.tgz. Extracting by manifest.
333 silly tarball no local data for @jridgewell/sourcemap-codec@https://registry.npmjs.org/@jridgewell/sourcemap-codec/-/sourcemap-codec-1.5.5.tgz. Extracting by manifest.
334 silly tarball no local data for @types/babel__generator@https://registry.npmjs.org/@types/babel__generator/-/babel__generator-7.27.0.tgz. Extracting by manifest.
335 silly tarball no local data for @babel/helper-plugin-utils@https://registry.npmjs.org/@babel/helper-plugin-utils/-/helper-plugin-utils-7.28.6.tgz. Extracting by manifest.
336 silly tarball no local data for @babel/helper-globals@https://registry.npmjs.org/@babel/helper-globals/-/helper-globals-7.28.0.tgz. Extracting by manifest.
337 silly tarball no local data for @babel/helper-module-imports@https://registry.npmjs.org/@babel/helper-module-imports/-/helper-module-imports-7.28.6.tgz. Extracting by manifest.
338 silly tarball no local data for lru-cache@https://registry.npmjs.org/lru-cache/-/lru-cache-5.1.1.tgz. Extracting by manifest.
339 silly tarball no local data for browserslist@https://registry.npmjs.org/browserslist/-/browserslist-4.28.2.tgz. Extracting by manifest.
340 silly tarball no local data for @babel/helper-validator-option@https://registry.npmjs.org/@babel/helper-validator-option/-/helper-validator-option-7.27.1.tgz. Extracting by manifest.
341 silly tarball no local data for jsesc@https://registry.npmjs.org/jsesc/-/jsesc-3.1.0.tgz. Extracting by manifest.
342 silly tarball no local data for @jridgewell/gen-mapping@https://registry.npmjs.org/@jridgewell/gen-mapping/-/gen-mapping-0.3.13.tgz. Extracting by manifest.
343 silly tarball no local data for @babel/compat-data@https://registry.npmjs.org/@babel/compat-data/-/compat-data-7.29.0.tgz. Extracting by manifest.
344 silly tarball no local data for @jridgewell/trace-mapping@https://registry.npmjs.org/@jridgewell/trace-mapping/-/trace-mapping-0.3.31.tgz. Extracting by manifest.
345 silly tarball no local data for js-tokens@https://registry.npmjs.org/js-tokens/-/js-tokens-4.0.0.tgz. Extracting by manifest.
346 silly tarball no local data for json5@https://registry.npmjs.org/json5/-/json5-2.2.3.tgz. Extracting by manifest.
347 silly tarball no local data for gensync@https://registry.npmjs.org/gensync/-/gensync-1.0.0-beta.2.tgz. Extracting by manifest.
348 silly tarball no local data for convert-source-map@https://registry.npmjs.org/convert-source-map/-/convert-source-map-2.0.0.tgz. Extracting by manifest.
349 silly tarball no local data for @jridgewell/remapping@https://registry.npmjs.org/@jridgewell/remapping/-/remapping-2.3.5.tgz. Extracting by manifest.
350 silly tarball no local data for @babel/helper-validator-identifier@https://registry.npmjs.org/@babel/helper-validator-identifier/-/helper-validator-identifier-7.28.5.tgz. Extracting by manifest.
351 silly tarball no local data for @babel/types@https://registry.npmjs.org/@babel/types/-/types-7.29.0.tgz. Extracting by manifest.
352 silly tarball no local data for @babel/traverse@https://registry.npmjs.org/@babel/traverse/-/traverse-7.29.0.tgz. Extracting by manifest.
353 silly tarball no local data for @babel/parser@https://registry.npmjs.org/@babel/parser/-/parser-7.29.2.tgz. Extracting by manifest.
354 silly tarball no local data for @babel/template@https://registry.npmjs.org/@babel/template/-/template-7.28.6.tgz. Extracting by manifest.
355 silly tarball no local data for @babel/helpers@https://registry.npmjs.org/@babel/helpers/-/helpers-7.29.2.tgz. Extracting by manifest.
356 silly tarball no local data for @babel/generator@https://registry.npmjs.org/@babel/generator/-/generator-7.29.1.tgz. Extracting by manifest.
357 http cache @rolldown/pluginutils@https://registry.npmjs.org/@rolldown/pluginutils/-/pluginutils-1.0.0-beta.27.tgz 0ms (cache hit)
358 silly tarball no local data for @babel/helper-module-transforms@https://registry.npmjs.org/@babel/helper-module-transforms/-/helper-module-transforms-7.28.6.tgz. Extracting by manifest.
359 silly tarball no local data for @types/babel__core@https://registry.npmjs.org/@types/babel__core/-/babel__core-7.20.5.tgz. Extracting by manifest.
360 silly tarball no local data for react-refresh@https://registry.npmjs.org/react-refresh/-/react-refresh-0.17.0.tgz. Extracting by manifest.
361 silly tarball no local data for @babel/plugin-transform-react-jsx-self@https://registry.npmjs.org/@babel/plugin-transform-react-jsx-self/-/plugin-transform-react-jsx-self-7.27.1.tgz. Extracting by manifest.
362 silly tarball no local data for @babel/code-frame@https://registry.npmjs.org/@babel/code-frame/-/code-frame-7.29.0.tgz. Extracting by manifest.
363 silly tarball no local data for @babel/plugin-transform-react-jsx-source@https://registry.npmjs.org/@babel/plugin-transform-react-jsx-source/-/plugin-transform-react-jsx-source-7.27.1.tgz. Extracting by manifest.
364 silly tarball no local data for @vitejs/plugin-react@https://registry.npmjs.org/@vitejs/plugin-react/-/plugin-react-4.7.0.tgz. Extracting by manifest.
365 http cache semver@https://registry.npmjs.org/semver/-/semver-6.3.1.tgz 0ms (cache hit)
366 silly tarball no local data for @rolldown/pluginutils@https://registry.npmjs.org/@rolldown/pluginutils/-/pluginutils-1.0.0-beta.27.tgz. Extracting by manifest.
367 http cache semver@https://registry.npmjs.org/semver/-/semver-6.3.1.tgz 0ms (cache hit)
368 silly tarball no local data for semver@https://registry.npmjs.org/semver/-/semver-6.3.1.tgz. Extracting by manifest.
369 http cache @babel/helper-compilation-targets@https://registry.npmjs.org/@babel/helper-compilation-targets/-/helper-compilation-targets-7.28.6.tgz 0ms (cache hit)
370 silly tarball no local data for semver@https://registry.npmjs.org/semver/-/semver-6.3.1.tgz. Extracting by manifest.
371 http cache @babel/core@https://registry.npmjs.org/@babel/core/-/core-7.29.0.tgz 0ms (cache hit)
372 silly tarball no local data for @babel/helper-compilation-targets@https://registry.npmjs.org/@babel/helper-compilation-targets/-/helper-compilation-targets-7.28.6.tgz. Extracting by manifest.
373 silly tarball no local data for @babel/core@https://registry.npmjs.org/@babel/core/-/core-7.29.0.tgz. Extracting by manifest.
374 http fetch POST 200 https://registry.npmjs.org/-/npm/v1/security/advisories/bulk 128ms
375 silly audit report {
375 silly audit report   esbuild: [
375 silly audit report     {
375 silly audit report       id: 1102341,
375 silly audit report       url: 'https://github.com/advisories/GHSA-67mh-4wv8-2f99',
375 silly audit report       title: 'esbuild enables any website to send any requests to the development server and read the response',
375 silly audit report       severity: 'moderate',
375 silly audit report       vulnerable_versions: '<=0.24.2',
375 silly audit report       cwe: [Array],
375 silly audit report       cvss: [Object]
375 silly audit report     }
375 silly audit report   ],
375 silly audit report   vite: [
375 silly audit report     {
375 silly audit report       id: 1116229,
375 silly audit report       url: 'https://github.com/advisories/GHSA-4w7w-66w2-5vf9',
375 silly audit report       title: 'Vite Vulnerable to Path Traversal in Optimized Deps `.map` Handling',
375 silly audit report       severity: 'moderate',
375 silly audit report       vulnerable_versions: '<=6.4.1',
375 silly audit report       cwe: [Array],
375 silly audit report       cvss: [Object]
375 silly audit report     }
375 silly audit report   ]
375 silly audit report }
376 silly packumentCache corgi:https://registry.npmjs.org/esbuild cache-miss
377 silly packumentCache corgi:https://registry.npmjs.org/vite cache-miss
378 http fetch GET 200 https://registry.npmjs.org/yallist/-/yallist-3.1.1.tgz 1166ms (cache miss)
379 http fetch GET 200 https://registry.npmjs.org/node-releases/-/node-releases-2.0.37.tgz 1316ms (cache miss)
380 http fetch GET 200 https://registry.npmjs.org/@types/babel__traverse/-/babel__traverse-7.28.0.tgz 1326ms (cache miss)
381 http fetch GET 200 https://registry.npmjs.org/lru-cache/-/lru-cache-5.1.1.tgz 1424ms (cache miss)
382 http fetch GET 200 https://registry.npmjs.org/@types/babel__template/-/babel__template-7.4.4.tgz 1425ms (cache miss)
383 http fetch GET 200 https://registry.npmjs.org/@babel/helper-validator-option/-/helper-validator-option-7.27.1.tgz 1463ms (cache miss)
384 http fetch GET 200 https://registry.npmjs.org/update-browserslist-db/-/update-browserslist-db-1.2.3.tgz 1592ms (cache miss)
385 http fetch GET 200 https://registry.npmjs.org/@babel/helper-globals/-/helper-globals-7.28.0.tgz 1591ms (cache miss)
386 http fetch GET 200 https://registry.npmjs.org/js-tokens/-/js-tokens-4.0.0.tgz 1627ms (cache miss)
387 http fetch GET 200 https://registry.npmjs.org/@babel/compat-data/-/compat-data-7.29.0.tgz 1670ms (cache miss)
388 http fetch GET 200 https://registry.npmjs.org/@babel/plugin-transform-react-jsx-self/-/plugin-transform-react-jsx-self-7.27.1.tgz 1667ms (cache miss)
389 http fetch GET 200 https://registry.npmjs.org/@babel/plugin-transform-react-jsx-source/-/plugin-transform-react-jsx-source-7.27.1.tgz 1669ms (cache miss)
390 http fetch GET 200 https://registry.npmjs.org/browserslist/-/browserslist-4.28.2.tgz 1673ms (cache miss)
391 http fetch GET 200 https://registry.npmjs.org/jsesc/-/jsesc-3.1.0.tgz 1684ms (cache miss)
392 http fetch GET 200 https://registry.npmjs.org/@babel/code-frame/-/code-frame-7.29.0.tgz 1703ms (cache miss)
393 http fetch GET 200 https://registry.npmjs.org/semver/-/semver-6.3.1.tgz 1693ms (cache miss)
394 http fetch GET 200 https://registry.npmjs.org/@types/babel__generator/-/babel__generator-7.27.0.tgz 1709ms (cache miss)
395 http fetch GET 200 https://registry.npmjs.org/gensync/-/gensync-1.0.0-beta.2.tgz 1707ms (cache miss)
396 http fetch GET 200 https://registry.npmjs.org/@rolldown/pluginutils/-/pluginutils-1.0.0-beta.27.tgz 1714ms (cache miss)
397 http fetch GET 200 https://registry.npmjs.org/@jridgewell/remapping/-/remapping-2.3.5.tgz 1729ms (cache miss)
398 http fetch GET 200 https://registry.npmjs.org/escalade/-/escalade-3.2.0.tgz 1755ms (cache miss)
399 http fetch GET 200 https://registry.npmjs.org/convert-source-map/-/convert-source-map-2.0.0.tgz 1755ms (cache miss)
400 http cache https://registry.npmjs.org/esbuild 1675ms (cache hit)
401 silly packumentCache corgi:https://registry.npmjs.org/esbuild set size:885757 disposed:false
402 http cache https://registry.npmjs.org/vite 1726ms (cache hit)
403 silly packumentCache corgi:https://registry.npmjs.org/vite set size:2229030 disposed:false
404 http fetch GET 200 https://registry.npmjs.org/@babel/helper-plugin-utils/-/helper-plugin-utils-7.28.6.tgz 1854ms (cache miss)
405 http fetch GET 200 https://registry.npmjs.org/@babel/helper-validator-identifier/-/helper-validator-identifier-7.28.5.tgz 1915ms (cache miss)
406 http fetch GET 200 https://registry.npmjs.org/electron-to-chromium/-/electron-to-chromium-1.5.334.tgz 1920ms (cache miss)
407 http fetch GET 200 https://registry.npmjs.org/react-refresh/-/react-refresh-0.17.0.tgz 1919ms (cache miss)
408 http fetch GET 200 https://registry.npmjs.org/@types/babel__core/-/babel__core-7.20.5.tgz 1956ms (cache miss)
409 http fetch GET 200 https://registry.npmjs.org/@vitejs/plugin-react/-/plugin-react-4.7.0.tgz 1960ms (cache miss)
410 silly packumentCache corgi:https://registry.npmjs.org/vite-plugin-handlebars cache-miss
411 http fetch GET 200 https://registry.npmjs.org/@babel/helper-string-parser/-/helper-string-parser-7.27.1.tgz 2039ms (cache miss)
412 http fetch GET 200 https://registry.npmjs.org/@babel/helper-module-imports/-/helper-module-imports-7.28.6.tgz 2038ms (cache miss)
413 http fetch GET 200 https://registry.npmjs.org/@jridgewell/resolve-uri/-/resolve-uri-3.1.2.tgz 2042ms (cache miss)
414 http fetch GET 200 https://registry.npmjs.org/baseline-browser-mapping/-/baseline-browser-mapping-2.10.17.tgz 2044ms (cache miss)
415 http fetch GET 200 https://registry.npmjs.org/semver/-/semver-6.3.1.tgz 2032ms (cache miss)
416 http cache https://registry.npmjs.org/vite-plugin-handlebars 128ms (cache hit)
417 silly packumentCache corgi:https://registry.npmjs.org/vite-plugin-handlebars set size:27273 disposed:false
418 http fetch GET 200 https://registry.npmjs.org/@babel/helper-compilation-targets/-/helper-compilation-targets-7.28.6.tgz 2117ms (cache miss)
419 http fetch GET 200 https://registry.npmjs.org/json5/-/json5-2.2.3.tgz 2276ms (cache miss)
420 http fetch GET 200 https://registry.npmjs.org/@babel/template/-/template-7.28.6.tgz 2384ms (cache miss)
421 http fetch GET 200 https://registry.npmjs.org/@jridgewell/sourcemap-codec/-/sourcemap-codec-1.5.5.tgz 2444ms (cache miss)
422 http fetch GET 200 https://registry.npmjs.org/@babel/helper-module-transforms/-/helper-module-transforms-7.28.6.tgz 2439ms (cache miss)
423 http fetch GET 200 https://registry.npmjs.org/@jridgewell/gen-mapping/-/gen-mapping-0.3.13.tgz 2463ms (cache miss)
424 http fetch GET 200 https://registry.npmjs.org/@jridgewell/trace-mapping/-/trace-mapping-0.3.31.tgz 2549ms (cache miss)
425 http fetch GET 200 https://registry.npmjs.org/@babel/parser/-/parser-7.29.2.tgz 2679ms (cache miss)
426 http fetch GET 200 https://registry.npmjs.org/@babel/generator/-/generator-7.29.1.tgz 2793ms (cache miss)
427 http fetch GET 200 https://registry.npmjs.org/@babel/traverse/-/traverse-7.29.0.tgz 3039ms (cache miss)
428 http fetch GET 200 https://registry.npmjs.org/@babel/core/-/core-7.29.0.tgz 3450ms (cache miss)
429 http fetch GET 200 https://registry.npmjs.org/@babel/types/-/types-7.29.0.tgz 3672ms (cache miss)
430 http fetch GET 200 https://registry.npmjs.org/@babel/helpers/-/helpers-7.29.2.tgz 3750ms (cache miss)
431 http fetch GET 200 https://registry.npmjs.org/caniuse-lite/-/caniuse-lite-1.0.30001787.tgz 4204ms (cache miss)
432 silly ADD node_modules/escalade
433 silly ADD node_modules/yallist
434 silly ADD node_modules/update-browserslist-db
435 silly ADD node_modules/node-releases
436 silly ADD node_modules/electron-to-chromium
437 silly ADD node_modules/caniuse-lite
438 silly ADD node_modules/baseline-browser-mapping
439 silly ADD node_modules/@types/babel__traverse
440 silly ADD node_modules/@types/babel__template
441 silly ADD node_modules/@types/babel__generator
442 silly ADD node_modules/@jridgewell/resolve-uri
443 silly ADD node_modules/@jridgewell/sourcemap-codec
444 silly ADD node_modules/@babel/helper-string-parser
445 silly ADD node_modules/@babel/helper-globals
446 silly ADD node_modules/@babel/helper-plugin-utils
447 silly ADD node_modules/@babel/helper-module-imports
448 silly ADD node_modules/lru-cache
449 silly ADD node_modules/browserslist
450 silly ADD node_modules/@babel/helper-validator-option
451 silly ADD node_modules/@babel/compat-data
452 silly ADD node_modules/jsesc
453 silly ADD node_modules/@jridgewell/trace-mapping
454 silly ADD node_modules/@jridgewell/gen-mapping
455 silly ADD node_modules/js-tokens
456 silly ADD node_modules/@babel/helper-validator-identifier
457 silly ADD node_modules/json5
458 silly ADD node_modules/gensync
459 silly ADD node_modules/convert-source-map
460 silly ADD node_modules/@jridgewell/remapping
461 silly ADD node_modules/@babel/types
462 silly ADD node_modules/@babel/traverse
463 silly ADD node_modules/@babel/template
464 silly ADD node_modules/@babel/parser
465 silly ADD node_modules/@babel/helpers
466 silly ADD node_modules/@babel/helper-module-transforms
467 silly ADD node_modules/@babel/helper-compilation-targets
468 silly ADD node_modules/@babel/helper-compilation-targets/node_modules/semver
469 silly ADD node_modules/@babel/generator
470 silly ADD node_modules/@babel/code-frame
471 silly ADD node_modules/react-refresh
472 silly ADD node_modules/@types/babel__core
473 silly ADD node_modules/@babel/plugin-transform-react-jsx-source
474 silly ADD node_modules/@babel/plugin-transform-react-jsx-self
475 silly ADD node_modules/@babel/core
476 silly ADD node_modules/@babel/core/node_modules/semver
477 silly CHANGE node_modules/@vitejs/plugin-react
478 silly CHANGE node_modules/@rolldown/pluginutils
479 verbose cwd /Volumes/raid4/Antigravity IDE/Resume Website
480 verbose os Darwin 25.4.0
481 verbose node v24.13.0
482 verbose npm  v11.6.2
483 verbose exit 0
484 info ok
