0 verbose cli /usr/local/bin/node /usr/local/bin/npm
1 info using npm@11.6.2
2 info using node@v24.13.0
3 silly config load:file:/usr/local/lib/node_modules/npm/npmrc
4 silly config load:file:/Volumes/raid4/Antigravity IDE/Resume Website/.npmrc
5 silly config load:file:/Users/nautis/.npmrc
6 silly config load:file:/usr/local/etc/npmrc
7 verbose title npm install @vitejs/plugin-react
8 verbose argv "install" "--save-dev" "@vitejs/plugin-react" "--cache" ".npm-cache" "--legacy-peer-deps"
9 verbose logfile logs-max:10 dir:/Volumes/raid4/Antigravity IDE/Resume Website/.npm-cache/_logs/2026-04-09T17_57_03_800Z-
10 verbose logfile /Volumes/raid4/Antigravity IDE/Resume Website/.npm-cache/_logs/2026-04-09T17_57_03_800Z-debug-0.log
11 silly logfile done cleaning log files
12 silly packumentCache heap:4496293888 maxSize:1124073472 maxEntrySize:562036736
13 silly idealTree buildDeps
14 silly fetch manifest @vitejs/plugin-react@*
15 silly packumentCache full:https://registry.npmjs.org/@vitejs%2fplugin-react cache-miss
16 http cache https://registry.npmjs.org/@vitejs%2fplugin-react 18ms (cache hit)
17 silly packumentCache full:https://registry.npmjs.org/@vitejs%2fplugin-react set size:264287 disposed:false
18 silly placeDep ROOT @vitejs/plugin-react@6.0.1 OK for: agency-website@1.0.0 want: *
19 silly fetch manifest @rolldown/pluginutils@1.0.0-rc.7
20 silly packumentCache full:https://registry.npmjs.org/@rolldown%2fpluginutils cache-miss
21 http fetch GET 200 https://registry.npmjs.org/@rolldown%2fpluginutils 127ms (cache miss)
22 silly packumentCache full:https://registry.npmjs.org/@rolldown%2fpluginutils set size:undefined disposed:false
23 silly placeDep ROOT @rolldown/pluginutils@1.0.0-rc.7 OK for: @vitejs/plugin-react@6.0.1 want: 1.0.0-rc.7
24 silly reify moves {}
25 silly audit bulk request {
25 silly audit   '@emnapi/runtime': [ '1.9.2' ],
25 silly audit   '@esbuild/aix-ppc64': [ '0.25.12', '0.21.5' ],
25 silly audit   '@esbuild/android-arm': [ '0.25.12', '0.21.5' ],
25 silly audit   '@esbuild/android-arm64': [ '0.25.12', '0.21.5' ],
25 silly audit   '@esbuild/android-x64': [ '0.25.12', '0.21.5' ],
25 silly audit   '@esbuild/darwin-arm64': [ '0.25.12', '0.21.5' ],
25 silly audit   '@esbuild/darwin-x64': [ '0.25.12', '0.21.5' ],
25 silly audit   '@esbuild/freebsd-arm64': [ '0.25.12', '0.21.5' ],
25 silly audit   '@esbuild/freebsd-x64': [ '0.25.12', '0.21.5' ],
25 silly audit   '@esbuild/linux-arm': [ '0.25.12', '0.21.5' ],
25 silly audit   '@esbuild/linux-arm64': [ '0.25.12', '0.21.5' ],
25 silly audit   '@esbuild/linux-ia32': [ '0.25.12', '0.21.5' ],
25 silly audit   '@esbuild/linux-loong64': [ '0.25.12', '0.21.5' ],
25 silly audit   '@esbuild/linux-mips64el': [ '0.25.12', '0.21.5' ],
25 silly audit   '@esbuild/linux-ppc64': [ '0.25.12', '0.21.5' ],
25 silly audit   '@esbuild/linux-riscv64': [ '0.25.12', '0.21.5' ],
25 silly audit   '@esbuild/linux-s390x': [ '0.25.12', '0.21.5' ],
25 silly audit   '@esbuild/linux-x64': [ '0.25.12', '0.21.5' ],
25 silly audit   '@esbuild/netbsd-arm64': [ '0.25.12' ],
25 silly audit   '@esbuild/netbsd-x64': [ '0.25.12', '0.21.5' ],
25 silly audit   '@esbuild/openbsd-arm64': [ '0.25.12' ],
25 silly audit   '@esbuild/openbsd-x64': [ '0.25.12', '0.21.5' ],
25 silly audit   '@esbuild/openharmony-arm64': [ '0.25.12' ],
25 silly audit   '@esbuild/sunos-x64': [ '0.25.12', '0.21.5' ],
25 silly audit   '@esbuild/win32-arm64': [ '0.25.12', '0.21.5' ],
25 silly audit   '@esbuild/win32-ia32': [ '0.25.12', '0.21.5' ],
25 silly audit   '@esbuild/win32-x64': [ '0.25.12', '0.21.5' ],
25 silly audit   '@eslint-community/eslint-utils': [ '4.9.1' ],
25 silly audit   'eslint-visitor-keys': [ '3.4.3', '4.2.1' ],
25 silly audit   '@eslint-community/regexpp': [ '4.12.2' ],
25 silly audit   '@eslint/config-array': [ '0.21.2' ],
25 silly audit   '@eslint/config-helpers': [ '0.4.2' ],
25 silly audit   '@eslint/core': [ '0.17.0' ],
25 silly audit   '@eslint/eslintrc': [ '3.3.5' ],
25 silly audit   '@eslint/js': [ '9.39.4' ],
25 silly audit   '@eslint/object-schema': [ '2.1.7' ],
25 silly audit   '@eslint/plugin-kit': [ '0.4.1' ],
25 silly audit   '@gltf-transform/core': [ '4.3.0' ],
25 silly audit   '@gltf-transform/extensions': [ '4.3.0' ],
25 silly audit   '@gltf-transform/functions': [ '4.3.0' ],
25 silly audit   '@humanfs/core': [ '0.19.1' ],
25 silly audit   '@humanfs/node': [ '0.16.7' ],
25 silly audit   '@humanwhocodes/module-importer': [ '1.0.1' ],
25 silly audit   '@humanwhocodes/retry': [ '0.4.3' ],
25 silly audit   '@img/colour': [ '1.1.0' ],
25 silly audit   '@img/sharp-darwin-arm64': [ '0.34.5' ],
25 silly audit   '@img/sharp-darwin-x64': [ '0.34.5' ],
25 silly audit   '@img/sharp-libvips-darwin-arm64': [ '1.2.4' ],
25 silly audit   '@img/sharp-libvips-darwin-x64': [ '1.2.4' ],
25 silly audit   '@img/sharp-libvips-linux-arm': [ '1.2.4' ],
25 silly audit   '@img/sharp-libvips-linux-arm64': [ '1.2.4' ],
25 silly audit   '@img/sharp-libvips-linux-ppc64': [ '1.2.4' ],
25 silly audit   '@img/sharp-libvips-linux-riscv64': [ '1.2.4' ],
25 silly audit   '@img/sharp-libvips-linux-s390x': [ '1.2.4' ],
25 silly audit   '@img/sharp-libvips-linux-x64': [ '1.2.4' ],
25 silly audit   '@img/sharp-libvips-linuxmusl-arm64': [ '1.2.4' ],
25 silly audit   '@img/sharp-libvips-linuxmusl-x64': [ '1.2.4' ],
25 silly audit   '@img/sharp-linux-arm': [ '0.34.5' ],
25 silly audit   '@img/sharp-linux-arm64': [ '0.34.5' ],
25 silly audit   '@img/sharp-linux-ppc64': [ '0.34.5' ],
25 silly audit   '@img/sharp-linux-riscv64': [ '0.34.5' ],
25 silly audit   '@img/sharp-linux-s390x': [ '0.34.5' ],
25 silly audit   '@img/sharp-linux-x64': [ '0.34.5' ],
25 silly audit   '@img/sharp-linuxmusl-arm64': [ '0.34.5' ],
25 silly audit   '@img/sharp-linuxmusl-x64': [ '0.34.5' ],
25 silly audit   '@img/sharp-wasm32': [ '0.34.5' ],
25 silly audit   '@img/sharp-win32-arm64': [ '0.34.5' ],
25 silly audit   '@img/sharp-win32-ia32': [ '0.34.5' ],
25 silly audit   '@img/sharp-win32-x64': [ '0.34.5' ],
25 silly audit   '@rollup/rollup-android-arm-eabi': [ '4.60.1' ],
25 silly audit   '@rollup/rollup-android-arm64': [ '4.60.1' ],
25 silly audit   '@rollup/rollup-darwin-arm64': [ '4.60.1' ],
25 silly audit   '@rollup/rollup-darwin-x64': [ '4.60.1' ],
25 silly audit   '@rollup/rollup-freebsd-arm64': [ '4.60.1' ],
25 silly audit   '@rollup/rollup-freebsd-x64': [ '4.60.1' ],
25 silly audit   '@rollup/rollup-linux-arm-gnueabihf': [ '4.60.1' ],
25 silly audit   '@rollup/rollup-linux-arm-musleabihf': [ '4.60.1' ],
25 silly audit   '@rollup/rollup-linux-arm64-gnu': [ '4.60.1' ],
25 silly audit   '@rollup/rollup-linux-arm64-musl': [ '4.60.1' ],
25 silly audit   '@rollup/rollup-linux-loong64-gnu': [ '4.60.1' ],
25 silly audit   '@rollup/rollup-linux-loong64-musl': [ '4.60.1' ],
25 silly audit   '@rollup/rollup-linux-ppc64-gnu': [ '4.60.1' ],
25 silly audit   '@rollup/rollup-linux-ppc64-musl': [ '4.60.1' ],
25 silly audit   '@rollup/rollup-linux-riscv64-gnu': [ '4.60.1' ],
25 silly audit   '@rollup/rollup-linux-riscv64-musl': [ '4.60.1' ],
25 silly audit   '@rollup/rollup-linux-s390x-gnu': [ '4.60.1' ],
25 silly audit   '@rollup/rollup-linux-x64-gnu': [ '4.60.1' ],
25 silly audit   '@rollup/rollup-linux-x64-musl': [ '4.60.1' ],
25 silly audit   '@rollup/rollup-openbsd-x64': [ '4.60.1' ],
25 silly audit   '@rollup/rollup-openharmony-arm64': [ '4.60.1' ],
25 silly audit   '@rollup/rollup-win32-arm64-msvc': [ '4.60.1' ],
25 silly audit   '@rollup/rollup-win32-ia32-msvc': [ '4.60.1' ],
25 silly audit   '@rollup/rollup-win32-x64-gnu': [ '4.60.1' ],
25 silly audit   '@rollup/rollup-win32-x64-msvc': [ '4.60.1' ],
25 silly audit   '@types/estree': [ '1.0.8' ],
25 silly audit   '@types/json-schema': [ '7.0.15' ],
25 silly audit   '@types/ndarray': [ '1.0.14' ],
25 silly audit   acorn: [ '8.16.0' ],
25 silly audit   'acorn-jsx': [ '5.3.2' ],
25 silly audit   ajv: [ '6.14.0' ],
25 silly audit   'ansi-styles': [ '4.3.0' ],
25 silly audit   argparse: [ '2.0.1' ],
25 silly audit   'balanced-match': [ '1.0.2' ],
25 silly audit   'brace-expansion': [ '1.1.13' ],
25 silly audit   callsites: [ '3.1.0' ],
25 silly audit   chalk: [ '4.1.2' ],
25 silly audit   'color-convert': [ '2.0.1' ],
25 silly audit   'color-name': [ '1.1.4' ],
25 silly audit   'concat-map': [ '0.0.1' ],
25 silly audit   'cross-spawn': [ '7.0.6' ],
25 silly audit   'cwise-compiler': [ '1.1.3' ],
25 silly audit   debug: [ '4.4.3' ],
25 silly audit   'deep-is': [ '0.1.4' ],
25 silly audit   'detect-libc': [ '2.1.2' ],
25 silly audit   draco3dgltf: [ '1.5.7' ],
25 silly audit   esbuild: [ '0.25.12', '0.21.5' ],
25 silly audit   'escape-string-regexp': [ '4.0.0' ],
25 silly audit   eslint: [ '9.39.4' ],
25 silly audit   'eslint-scope': [ '8.4.0' ],
25 silly audit   espree: [ '10.4.0' ],
25 silly audit   esquery: [ '1.7.0' ],
25 silly audit   esrecurse: [ '4.3.0' ],
25 silly audit   estraverse: [ '5.3.0' ],
25 silly audit   esutils: [ '2.0.3' ],
25 silly audit   'fast-deep-equal': [ '3.1.3' ],
25 silly audit   'fast-json-stable-stringify': [ '2.1.0' ],
25 silly audit   'fast-levenshtein': [ '2.0.6' ],
25 silly audit   fdir: [ '6.5.0' ],
25 silly audit   'file-entry-cache': [ '8.0.0' ],
25 silly audit   'find-up': [ '5.0.0' ],
25 silly audit   'flat-cache': [ '4.0.1' ],
25 silly audit   flatted: [ '3.4.2' ],
25 silly audit   fsevents: [ '2.3.3' ],
25 silly audit   'glob-parent': [ '6.0.2' ],
25 silly audit   globals: [ '14.0.0' ],
25 silly audit   handlebars: [ '4.7.9' ],
25 silly audit   'has-flag': [ '4.0.0' ],
25 silly audit   ignore: [ '5.3.2' ],
25 silly audit   'import-fresh': [ '3.3.1' ],
25 silly audit   imurmurhash: [ '0.1.4' ],
25 silly audit   'iota-array': [ '1.0.0' ],
25 silly audit   'is-buffer': [ '1.1.6' ],
25 silly audit   'is-extglob': [ '2.1.1' ],
25 silly audit   'is-glob': [ '4.0.3' ],
25 silly audit   isexe: [ '2.0.0' ],
25 silly audit   'js-yaml': [ '4.1.1' ],
25 silly audit   'json-buffer': [ '3.0.1' ],
25 silly audit   'json-schema-traverse': [ '0.4.1' ],
25 silly audit   'json-stable-stringify-without-jsonify': [ '1.0.1' ],
25 silly audit   keyv: [ '4.5.4' ],
25 silly audit   'ktx-parse': [ '1.1.0' ],
25 silly audit   levn: [ '0.4.1' ],
25 silly audit   'locate-path': [ '6.0.0' ],
25 silly audit   'lodash.merge': [ '4.6.2' ],
25 silly audit   minimatch: [ '3.1.5' ],
25 silly audit   minimist: [ '1.2.8' ],
25 silly audit   ms: [ '2.1.3' ],
25 silly audit   nanoid: [ '3.3.11' ],
25 silly audit   'natural-compare': [ '1.4.0' ],
25 silly audit   ndarray: [ '1.0.19' ],
25 silly audit   'ndarray-lanczos': [ '0.3.0' ],
25 silly audit   'ndarray-ops': [ '1.2.2' ],
25 silly audit   'ndarray-pixels': [ '5.0.1' ],
25 silly audit   'neo-async': [ '2.6.2' ],
25 silly audit   optionator: [ '0.9.4' ],
25 silly audit   'p-limit': [ '3.1.0' ],
25 silly audit   'p-locate': [ '5.0.0' ],
25 silly audit   'parent-module': [ '1.0.1' ],
25 silly audit   'path-exists': [ '4.0.0' ],
25 silly audit   'path-key': [ '3.1.1' ],
25 silly audit   picocolors: [ '1.1.1' ],
25 silly audit   picomatch: [ '4.0.4' ],
25 silly audit   postcss: [ '8.5.9' ],
25 silly audit   'prelude-ls': [ '1.2.1' ],
25 silly audit   prettier: [ '3.8.1' ],
25 silly audit   'property-graph': [ '4.1.0' ],
25 silly audit   punycode: [ '2.3.1' ],
25 silly audit   react: [ '19.2.5' ],
25 silly audit   'react-dom': [ '19.2.5' ],
25 silly audit   'resolve-from': [ '4.0.0' ],
25 silly audit   rollup: [ '4.60.1' ],
25 silly audit   scheduler: [ '0.27.0' ],
25 silly audit   semver: [ '7.7.4' ],
25 silly audit   sharp: [ '0.34.5' ],
25 silly audit   'shebang-command': [ '2.0.0' ],
25 silly audit   'shebang-regex': [ '3.0.0' ],
25 silly audit   'source-map': [ '0.6.1' ],
25 silly audit   'source-map-js': [ '1.2.1' ],
25 silly audit   'strip-json-comments': [ '3.1.1' ],
25 silly audit   'supports-color': [ '7.2.0' ],
25 silly audit   three: [ '0.170.0' ],
25 silly audit   tinyglobby: [ '0.2.16' ],
25 silly audit   tslib: [ '2.8.1' ],
25 silly audit   'type-check': [ '0.4.0' ],
25 silly audit   'uglify-js': [ '3.19.3' ],
25 silly audit   uniq: [ '1.0.1' ],
25 silly audit   'uri-js': [ '4.4.1' ],
25 silly audit   vite: [ '6.4.2', '5.4.21' ],
25 silly audit   'vite-plugin-handlebars': [ '2.0.0' ],
25 silly audit   which: [ '2.0.2' ],
25 silly audit   'word-wrap': [ '1.2.5' ],
25 silly audit   wordwrap: [ '1.0.0' ],
25 silly audit   'yocto-queue': [ '0.1.0' ],
25 silly audit   '@vitejs/plugin-react': [ '6.0.1' ],
25 silly audit   '@rolldown/pluginutils': [ '1.0.0-rc.7' ]
25 silly audit }
26 http cache @rolldown/pluginutils@https://registry.npmjs.org/@rolldown/pluginutils/-/pluginutils-1.0.0-rc.7.tgz 0ms (cache hit)
27 http cache @vitejs/plugin-react@https://registry.npmjs.org/@vitejs/plugin-react/-/plugin-react-6.0.1.tgz 0ms (cache hit)
28 http cache fsevents@https://registry.npmjs.org/fsevents/-/fsevents-2.3.3.tgz 0ms (cache hit)
29 silly tarball no local data for @rolldown/pluginutils@https://registry.npmjs.org/@rolldown/pluginutils/-/pluginutils-1.0.0-rc.7.tgz. Extracting by manifest.
30 silly tarball no local data for @vitejs/plugin-react@https://registry.npmjs.org/@vitejs/plugin-react/-/plugin-react-6.0.1.tgz. Extracting by manifest.
31 http fetch POST 200 https://registry.npmjs.org/-/npm/v1/security/advisories/bulk 136ms
32 silly audit report {
32 silly audit report   esbuild: [
32 silly audit report     {
32 silly audit report       id: 1102341,
32 silly audit report       url: 'https://github.com/advisories/GHSA-67mh-4wv8-2f99',
32 silly audit report       title: 'esbuild enables any website to send any requests to the development server and read the response',
32 silly audit report       severity: 'moderate',
32 silly audit report       vulnerable_versions: '<=0.24.2',
32 silly audit report       cwe: [Array],
32 silly audit report       cvss: [Object]
32 silly audit report     }
32 silly audit report   ],
32 silly audit report   vite: [
32 silly audit report     {
32 silly audit report       id: 1116229,
32 silly audit report       url: 'https://github.com/advisories/GHSA-4w7w-66w2-5vf9',
32 silly audit report       title: 'Vite Vulnerable to Path Traversal in Optimized Deps `.map` Handling',
32 silly audit report       severity: 'moderate',
32 silly audit report       vulnerable_versions: '<=6.4.1',
32 silly audit report       cwe: [Array],
32 silly audit report       cvss: [Object]
32 silly audit report     }
32 silly audit report   ]
32 silly audit report }
33 silly packumentCache corgi:https://registry.npmjs.org/esbuild cache-miss
34 silly packumentCache corgi:https://registry.npmjs.org/vite cache-miss
35 http fetch GET 200 https://registry.npmjs.org/@vitejs/plugin-react/-/plugin-react-6.0.1.tgz 163ms (cache miss)
36 http cache https://registry.npmjs.org/esbuild 60ms (cache hit)
37 silly packumentCache corgi:https://registry.npmjs.org/esbuild set size:885757 disposed:false
38 http cache https://registry.npmjs.org/vite 112ms (cache hit)
39 silly packumentCache corgi:https://registry.npmjs.org/vite set size:2229030 disposed:false
40 silly packumentCache corgi:https://registry.npmjs.org/vite-plugin-handlebars cache-miss
41 http fetch GET 200 https://registry.npmjs.org/@rolldown/pluginutils/-/pluginutils-1.0.0-rc.7.tgz 271ms (cache miss)
42 http cache https://registry.npmjs.org/vite-plugin-handlebars 11ms (cache hit)
43 silly packumentCache corgi:https://registry.npmjs.org/vite-plugin-handlebars set size:27273 disposed:false
44 silly ADD node_modules/@rolldown/pluginutils
45 silly ADD node_modules/@vitejs/plugin-react
46 silly ADD node_modules/fsevents
47 verbose cwd /Volumes/raid4/Antigravity IDE/Resume Website
48 verbose os Darwin 25.4.0
49 verbose node v24.13.0
50 verbose npm  v11.6.2
51 verbose exit 0
52 info ok
